[debug] [2023-04-25T00:32:50.949Z] ----------------------------------------------------------------------
[debug] [2023-04-25T00:32:50.952Z] Command:       D:\Program Files\nodejs\node.exe C:\Users\ambar\AppData\Roaming\npm\node_modules\firebase-tools\lib\bin\firebase.js init
[debug] [2023-04-25T00:32:50.952Z] CLI Version:   11.28.0
[debug] [2023-04-25T00:32:50.952Z] Platform:      win32
[debug] [2023-04-25T00:32:50.952Z] Node Version:  v16.15.1
[debug] [2023-04-25T00:32:50.953Z] Time:          Mon Apr 24 2023 21:32:50 GMT-0300 (Argentina Standard Time)
[debug] [2023-04-25T00:32:50.954Z] ----------------------------------------------------------------------
[debug] 
[debug] [2023-04-25T00:32:50.961Z] > command requires scopes: ["email","openid","https://www.googleapis.com/auth/cloudplatformprojects.readonly","https://www.googleapis.com/auth/firebase","https://www.googleapis.com/auth/cloud-platform"]
[debug] [2023-04-25T00:32:50.961Z] > authorizing via signed-in user (ambar.canonicco@gmail.com)
[info] 
     ######## #### ########  ######## ########     ###     ######  ########
     ##        ##  ##     ## ##       ##     ##  ##   ##  ##       ##
     ######    ##  ########  ######   ########  #########  ######  ######
     ##        ##  ##    ##  ##       ##     ## ##     ##       ## ##
     ##       #### ##     ## ######## ########  ##     ##  ######  ########

You're about to initialize a Firebase project in this directory:

  E:\meals-plan

[info] 
=== Project Setup
[info] 
[info] First, let's associate this project directory with a Firebase project.
[info] You can create multiple project aliases by running firebase use --add, 
[info] but for now we'll just set up a default project.
[info] 
[debug] [2023-04-25T00:34:34.068Z] >>> [apiv2][query] GET https://firebase.googleapis.com/v1beta1/projects pageSize=100
[debug] [2023-04-25T00:34:36.087Z] <<< [apiv2][status] GET https://firebase.googleapis.com/v1beta1/projects 200
[debug] [2023-04-25T00:34:36.087Z] <<< [apiv2][body] GET https://firebase.googleapis.com/v1beta1/projects [omitted]
[info] i  Using project meals-planner-f0c18 (Meals Planner) 
[info] 
=== Firestore Setup
[debug] [2023-04-25T00:34:42.983Z] >>> [apiv2][query] GET https://serviceusage.googleapis.com/v1/projects/meals-planner-f0c18/services/firestore.googleapis.com [none]
[debug] [2023-04-25T00:34:42.983Z] >>> [apiv2][(partial)header] GET https://serviceusage.googleapis.com/v1/projects/meals-planner-f0c18/services/firestore.googleapis.com x-goog-quota-user=projects/meals-planner-f0c18
[debug] [2023-04-25T00:34:44.104Z] <<< [apiv2][status] GET https://serviceusage.googleapis.com/v1/projects/meals-planner-f0c18/services/firestore.googleapis.com 200
[debug] [2023-04-25T00:34:44.104Z] <<< [apiv2][body] GET https://serviceusage.googleapis.com/v1/projects/meals-planner-f0c18/services/firestore.googleapis.com [omitted]
[debug] [2023-04-25T00:34:44.105Z] >>> [apiv2][query] GET https://firestore.googleapis.com/v1/projects/meals-planner-f0c18/databases/(default) [none]
[debug] [2023-04-25T00:34:45.301Z] <<< [apiv2][status] GET https://firestore.googleapis.com/v1/projects/meals-planner-f0c18/databases/(default) 200
[debug] [2023-04-25T00:34:45.301Z] <<< [apiv2][body] GET https://firestore.googleapis.com/v1/projects/meals-planner-f0c18/databases/(default) {"name":"projects/meals-planner-f0c18/databases/(default)","uid":"35cfba39-6784-4445-a94d-930d325b51e2","createTime":"2023-04-25T00:28:24.827358Z","updateTime":"2023-04-25T00:28:24.827358Z","locationId":"nam5","type":"FIRESTORE_NATIVE","concurrencyMode":"PESSIMISTIC","appEngineIntegrationMode":"DISABLED","keyPrefix":"s","deleteProtectionState":"DELETE_PROTECTION_DISABLED","etag":"IKe7xNLkw/4CMIypia3jw/4C"}
[debug] [2023-04-25T00:34:45.301Z] database_type: FIRESTORE_NATIVE
[debug] [2023-04-25T00:34:45.301Z] > command requires scopes: ["email","openid","https://www.googleapis.com/auth/cloudplatformprojects.readonly","https://www.googleapis.com/auth/firebase","https://www.googleapis.com/auth/cloud-platform"]
[debug] [2023-04-25T00:34:45.301Z] > authorizing via signed-in user (ambar.canonicco@gmail.com)
[debug] [2023-04-25T00:34:45.301Z] [iam] checking project meals-planner-f0c18 for permissions ["firebase.projects.get"]
[debug] [2023-04-25T00:34:45.302Z] >>> [apiv2][query] POST https://cloudresourcemanager.googleapis.com/v1/projects/meals-planner-f0c18:testIamPermissions [none]
[debug] [2023-04-25T00:34:45.302Z] >>> [apiv2][(partial)header] POST https://cloudresourcemanager.googleapis.com/v1/projects/meals-planner-f0c18:testIamPermissions x-goog-quota-user=projects/meals-planner-f0c18
[debug] [2023-04-25T00:34:45.302Z] >>> [apiv2][body] POST https://cloudresourcemanager.googleapis.com/v1/projects/meals-planner-f0c18:testIamPermissions {"permissions":["firebase.projects.get"]}
[debug] [2023-04-25T00:34:46.157Z] <<< [apiv2][status] POST https://cloudresourcemanager.googleapis.com/v1/projects/meals-planner-f0c18:testIamPermissions 200
[debug] [2023-04-25T00:34:46.157Z] <<< [apiv2][body] POST https://cloudresourcemanager.googleapis.com/v1/projects/meals-planner-f0c18:testIamPermissions {"permissions":["firebase.projects.get"]}
[info] 
[info] Firestore Security Rules allow you to define how and when to allow
[info] requests. You can keep these rules in your project directory
[info] and publish them with firebase deploy.
[info] 
[debug] [2023-04-25T00:34:49.995Z] >>> [apiv2][query] GET https://firebaserules.googleapis.com/v1/projects/meals-planner-f0c18/releases pageSize=10&pageToken=
[debug] [2023-04-25T00:34:51.089Z] <<< [apiv2][status] GET https://firebaserules.googleapis.com/v1/projects/meals-planner-f0c18/releases 200
[debug] [2023-04-25T00:34:51.089Z] <<< [apiv2][body] GET https://firebaserules.googleapis.com/v1/projects/meals-planner-f0c18/releases {"releases":[{"name":"projects/meals-planner-f0c18/releases/cloud.firestore","rulesetName":"projects/meals-planner-f0c18/rulesets/52b3858c-6931-4f36-b2a9-9f1ade2ca16e","createTime":"2023-04-25T00:28:32.694233Z","updateTime":"2023-04-25T00:28:32.694233Z"}]}
[debug] [2023-04-25T00:34:51.089Z] Found ruleset: projects/meals-planner-f0c18/rulesets/52b3858c-6931-4f36-b2a9-9f1ade2ca16e
[debug] [2023-04-25T00:34:51.089Z] >>> [apiv2][query] GET https://firebaserules.googleapis.com/v1/projects/meals-planner-f0c18/rulesets/52b3858c-6931-4f36-b2a9-9f1ade2ca16e [none]
[debug] [2023-04-25T00:34:52.120Z] <<< [apiv2][status] GET https://firebaserules.googleapis.com/v1/projects/meals-planner-f0c18/rulesets/52b3858c-6931-4f36-b2a9-9f1ade2ca16e 200
[debug] [2023-04-25T00:34:52.121Z] <<< [apiv2][body] GET https://firebaserules.googleapis.com/v1/projects/meals-planner-f0c18/rulesets/52b3858c-6931-4f36-b2a9-9f1ade2ca16e [omitted]
[info] 
[info] Firestore indexes allow you to perform complex queries while
[info] maintaining performance that scales with the size of the result
[info] set. You can keep index definitions in your project directory
[info] and publish them with firebase deploy.
[info] 
[debug] [2023-04-25T00:34:54.090Z] >>> [apiv2][query] GET https://firestore.googleapis.com/v1/projects/meals-planner-f0c18/databases/(default)/collectionGroups/-/indexes [none]
[debug] [2023-04-25T00:34:54.091Z] >>> [apiv2][query] GET https://firestore.googleapis.com/v1/projects/meals-planner-f0c18/databases/(default)/collectionGroups/-/fields?filter=indexConfig.usesAncestorConfig=false OR ttlConfig:* [none]
[debug] [2023-04-25T00:34:55.276Z] <<< [apiv2][status] GET https://firestore.googleapis.com/v1/projects/meals-planner-f0c18/databases/(default)/collectionGroups/-/indexes 200
[debug] [2023-04-25T00:34:55.276Z] <<< [apiv2][body] GET https://firestore.googleapis.com/v1/projects/meals-planner-f0c18/databases/(default)/collectionGroups/-/indexes {}
[debug] [2023-04-25T00:34:55.719Z] <<< [apiv2][status] GET https://firestore.googleapis.com/v1/projects/meals-planner-f0c18/databases/(default)/collectionGroups/-/fields?filter=indexConfig.usesAncestorConfig=false OR ttlConfig:* 200
[debug] [2023-04-25T00:34:55.719Z] <<< [apiv2][body] GET https://firestore.googleapis.com/v1/projects/meals-planner-f0c18/databases/(default)/collectionGroups/-/fields?filter=indexConfig.usesAncestorConfig=false OR ttlConfig:* {"fields":[{"name":"projects/meals-planner-f0c18/databases/(default)/collectionGroups/__default__/fields/*","indexConfig":{"indexes":[{"queryScope":"COLLECTION","fields":[{"fieldPath":"*","order":"ASCENDING"}],"state":"READY"},{"queryScope":"COLLECTION","fields":[{"fieldPath":"*","order":"DESCENDING"}],"state":"READY"},{"queryScope":"COLLECTION","fields":[{"fieldPath":"*","arrayConfig":"CONTAINS"}],"state":"READY"}]}}]}
[info] 
=== Hosting Setup
[info] 
[info] Your public directory is the folder (relative to your project directory) that
[info] will contain Hosting assets to be uploaded with firebase deploy. If you
[info] have a build process for your assets, use your build's output directory.
[info] 
[debug] [2023-04-25T00:35:16.859Z] >>> [apiv2][query] GET https://www.gstatic.com/firebasejs/releases.json [none]
[debug] [2023-04-25T00:35:16.955Z] <<< [apiv2][status] GET https://www.gstatic.com/firebasejs/releases.json 200
[debug] [2023-04-25T00:35:16.955Z] <<< [apiv2][body] GET https://www.gstatic.com/firebasejs/releases.json {"current":{"version":"9.20.0","browserURL":"https://www.gstatic.com/firebasejs/9.20.0/firebase.js","packageURL":"https://www.gstatic.com/firebasejs/9.20.0/firebase.tgz"},"live":{"version":"9.20","browserURL":"https://www.gstatic.com/firebasejs/live/9.20/firebase.js","packageURL":"https://www.gstatic.com/firebasejs/live/9.20/firebase.tgz"},"components":{"analytics":"https://www.gstatic.com/firebasejs/9.20.0/firebase-analytics.js","app":"https://www.gstatic.com/firebasejs/9.20.0/firebase-app.js","app-check":"https://www.gstatic.com/firebasejs/9.20.0/firebase-app-check.js","auth":"https://www.gstatic.com/firebasejs/9.20.0/firebase-auth.js","auth/cordova":"https://www.gstatic.com/firebasejs/9.20.0/firebase-auth/cordova.js","auth/react-native":"https://www.gstatic.com/firebasejs/9.20.0/firebase-auth/react-native.js","functions":"https://www.gstatic.com/firebasejs/9.20.0/firebase-functions.js","firestore":"https://www.gstatic.com/firebasejs/9.20.0/firebase-firestore.js","firestore/lite":"https://www.gstatic.com/firebasejs/9.20.0/firebase-firestore/lite.js","installations":"https://www.gstatic.com/firebasejs/9.20.0/firebase-installations.js","storage":"https://www.gstatic.com/firebasejs/9.20.0/firebase-storage.js","performance":"https://www.gstatic.com/firebasejs/9.20.0/firebase-performance.js","remote-config":"https://www.gstatic.com/firebasejs/9.20.0/firebase-remote-config.js","messaging":"https://www.gstatic.com/firebasejs/9.20.0/firebase-messaging.js","messaging/sw":"https://www.gstatic.com/firebasejs/9.20.0/firebase-messaging/sw.js","database":"https://www.gstatic.com/firebasejs/9.20.0/firebase-database.js","firestore.memory":"https://www.gstatic.com/firebasejs/9.20.0/firebase-firestore.memory.js"}}
[info] i  Skipping write of public/index.html 
[info] 
[info] i  Detected a .git folder at E:\meals-plan 
[info] i  Authorizing with GitHub to upload your service account to a GitHub repository's secrets store. 
[info] 
[info] Visit this URL on this device to log in:
[info] https://github.com/login/oauth/authorize?client_id=89cf50f02ac6aaed3484&state=128146571&redirect_uri=http%3A%2F%2Flocalhost%3A9005&scope=read%3Auser%20repo%20public_repo
[info] 
[info] Waiting for authentication...
[debug] [2023-04-25T00:35:33.634Z] >>> [apiv2][query] POST https://github.com/login/oauth/access_token [none]
[debug] [2023-04-25T00:35:33.634Z] >>> [apiv2][body] POST https://github.com/login/oauth/access_token [stream]
[debug] [2023-04-25T00:35:34.114Z] <<< [apiv2][status] POST https://github.com/login/oauth/access_token 200
[debug] [2023-04-25T00:35:34.114Z] <<< [apiv2][body] POST https://github.com/login/oauth/access_token {"access_token":"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","token_type":"bearer","scope":"read:user,repo"}
[debug] [2023-04-25T00:35:34.128Z] >>> [apiv2][query] GET https://api.github.com/user [none]
[debug] [2023-04-25T00:35:34.514Z] <<< [apiv2][status] GET https://api.github.com/user 200
[debug] [2023-04-25T00:35:34.514Z] <<< [apiv2][body] GET https://api.github.com/user {"login":"Ambarella-VE","id":64762162,"node_id":"MDQ6VXNlcjY0NzYyMTYy","avatar_url":"https://avatars.githubusercontent.com/u/64762162?v=4","gravatar_id":"","url":"https://api.github.com/users/Ambarella-VE","html_url":"https://github.com/Ambarella-VE","followers_url":"https://api.github.com/users/Ambarella-VE/followers","following_url":"https://api.github.com/users/Ambarella-VE/following{/other_user}","gists_url":"https://api.github.com/users/Ambarella-VE/gists{/gist_id}","starred_url":"https://api.github.com/users/Ambarella-VE/starred{/owner}{/repo}","subscriptions_url":"https://api.github.com/users/Ambarella-VE/subscriptions","organizations_url":"https://api.github.com/users/Ambarella-VE/orgs","repos_url":"https://api.github.com/users/Ambarella-VE/repos","events_url":"https://api.github.com/users/Ambarella-VE/events{/privacy}","received_events_url":"https://api.github.com/users/Ambarella-VE/received_events","type":"User","site_admin":false,"name":"Ambar Canonicco","company":null,"blog":"","location":null,"email":null,"hireable":null,"bio":null,"twitter_username":null,"public_repos":26,"public_gists":0,"followers":3,"following":6,"created_at":"2020-05-04T02:31:47Z","updated_at":"2023-04-08T22:05:31Z","private_gists":1,"total_private_repos":14,"owned_private_repos":14,"disk_usage":293678,"collaborators":0,"two_factor_authentication":false,"plan":{"name":"free","space":976562499,"collaborators":0,"private_repos":10000}}
[info] 
[info] +  Success! Logged into GitHub as Ambarella-VE 
[info] 
